\BOOKMARK [1][-]{section.1}{\376\377\000R\000i\000e\000m\000a\000n\000n\000\040\000i\000n\000t\000e\000g\000r\000a\000t\000i\000o\000n}{}% 1
\BOOKMARK [2][-]{subsection.1.1}{\376\377\000D\000e\000f\000i\000n\000i\000t\000i\000o\000n\000\040\000o\000f\000\040\000R\000i\000e\000m\000a\000n\000n\000\040\000i\000n\000t\000e\000g\000r\000a\000l\000s}{section.1}% 2
\BOOKMARK [2][-]{subsection.1.2}{\376\377\000P\000r\000o\000p\000e\000r\000t\000i\000e\000s\000\040\000o\000f\000\040\000R\000i\000e\000m\000a\000n\000n\000\040\000i\000n\000t\000e\000g\000r\000a\000l}{section.1}% 3
\BOOKMARK [2][-]{subsection.1.3}{\376\377\000F\000u\000n\000d\000a\000m\000e\000n\000t\000a\000l\000\040\000t\000h\000e\000o\000r\000e\000m\000\040\000o\000f\000\040\000c\000a\000l\000c\000u\000l\000u\000s}{section.1}% 4
\BOOKMARK [2][-]{subsection.1.4}{\376\377\000M\000e\000t\000h\000o\000d\000s\000\040\000o\000f\000\040\000i\000n\000t\000e\000g\000r\000a\000t\000i\000o\000n}{section.1}% 5
\BOOKMARK [1][-]{section.2}{\376\377\000I\000m\000p\000r\000o\000p\000e\000r\000\040\000i\000n\000t\000e\000g\000r\000a\000l\000s}{}% 6
\BOOKMARK [2][-]{subsection.2.1}{\376\377\000U\000n\000b\000o\000u\000n\000d\000e\000d\000\040\000i\000n\000t\000e\000r\000v\000a\000l\000s}{section.2}% 7
\BOOKMARK [1][-]{section.3}{\376\377\000S\000e\000q\000u\000e\000n\000c\000e\000s\000\040\000a\000n\000d\000\040\000s\000e\000r\000i\000e\000s\000\040\000o\000f\000\040\000f\000u\000n\000c\000t\000i\000o\000n\000s}{}% 8
\BOOKMARK [2][-]{subsection.3.1}{\376\377\000P\000o\000i\000n\000t\000w\000i\000s\000e\000\040\000a\000n\000d\000\040\000u\000n\000i\000f\000o\000r\000m\000\040\000c\000o\000n\000v\000e\000r\000g\000e\000n\000c\000e}{section.3}% 9
\BOOKMARK [2][-]{subsection.3.2}{\376\377\000F\000u\000n\000c\000t\000i\000o\000n\000s\000\040\000o\000f\000\040\0002\000\040\000v\000a\000r\000i\000a\000b\000l\000e\000s}{section.3}% 10
\BOOKMARK [2][-]{subsection.3.3}{\376\377\000S\000e\000r\000i\000e\000s\000\040\000o\000f\000\040\000f\000u\000n\000c\000t\000i\000o\000n\000s}{section.3}% 11
\BOOKMARK [2][-]{subsection.3.4}{\376\377\0003\000\040\000n\000o\000n\000-\000e\000x\000a\000m\000i\000n\000a\000b\000l\000e\000\040\000\050\000b\000u\000t\000\040\000e\000x\000c\000i\000t\000i\000n\000g\000!\000\051\000\040\000t\000o\000p\000i\000c\000s}{section.3}% 12
\BOOKMARK [3][-]{subsubsection.3.4.1}{\376\377\000C\000o\000n\000t\000i\000n\000u\000o\000u\000s\000\040\000b\000u\000t\000\040\000n\000o\000w\000h\000e\000r\000e\000\040\000d\000i\000f\000f\000e\000r\000e\000n\000t\000i\000a\000b\000l\000e\000\040\000f\000u\000n\000c\000t\000i\000o\000n\000s}{subsection.3.4}% 13
\BOOKMARK [3][-]{subsubsection.3.4.2}{\376\377\000S\000p\000a\000c\000e\000-\000f\000i\000l\000l\000i\000n\000g\000\040\000c\000u\000r\000v\000e\000s}{subsection.3.4}% 14
\BOOKMARK [3][-]{subsubsection.3.4.3}{\376\377\000C\000a\000n\000t\000o\000r\000\040\000f\000u\000n\000c\000t\000i\000o\000n\000,\000\040\000a\000k\000a\000\040\000D\000e\000v\000i\000l\000'\000s\000\040\000s\000t\000a\000i\000r\000c\000a\000s\000e}{subsection.3.4}% 15
\BOOKMARK [1][-]{section.4}{\376\377\000C\000o\000m\000p\000l\000e\000x\000\040\000a\000n\000a\000l\000y\000s\000i\000s}{}% 16
\BOOKMARK [2][-]{subsection.4.1}{\376\377\000R\000e\000v\000i\000e\000w\000\040\000o\000f\000\040\000c\000o\000m\000p\000l\000e\000x\000\040\000n\000u\000m\000b\000e\000r\000s}{section.4}% 17
\BOOKMARK [2][-]{subsection.4.2}{\376\377\000I\000n\000t\000r\000o\000d\000u\000c\000t\000i\000o\000n}{section.4}% 18
\BOOKMARK [2][-]{subsection.4.3}{\376\377\000A\000l\000g\000e\000b\000r\000a\000i\000c\000\040\000m\000e\000a\000n\000i\000n\000g\000\040\000o\000f\000\040\000C\000a\000u\000c\000h\000y\040\023\000R\000i\000e\000m\000a\000n\000n}{section.4}% 19
\BOOKMARK [2][-]{subsection.4.4}{\376\377\000P\000o\000w\000e\000r\000\040\000s\000e\000r\000i\000e\000s}{section.4}% 20
\BOOKMARK [3][-]{subsubsection.4.4.1}{\376\377\000E\000x\000p\000o\000n\000e\000n\000t\000i\000a\000l\000\040\000a\000n\000d\000\040\000c\000i\000r\000c\000u\000l\000a\000r\000\040\000f\000u\000n\000c\000t\000i\000o\000n\000s}{subsection.4.4}% 21
\BOOKMARK [2][-]{subsection.4.5}{\376\377\000A\000r\000g\000u\000m\000e\000n\000t\000\040\000a\000n\000d\000\040\000L\000o\000g}{section.4}% 22
\BOOKMARK [2][-]{subsection.4.6}{\376\377\000C\000o\000m\000p\000l\000e\000x\000\040\000i\000n\000t\000e\000g\000r\000a\000t\000i\000o\000n\000,\000\040\000c\000o\000n\000t\000o\000u\000r\000\040\000i\000n\000t\000e\000g\000r\000a\000l\000s}{section.4}% 23
\BOOKMARK [3][-]{subsubsection.4.6.1}{\376\377\000L\000i\000n\000k\000\040\000w\000i\000t\000h\000\040\000m\000u\000l\000t\000i\000v\000a\000r\000i\000a\000b\000l\000e\000\040\000c\000a\000l\000c\000u\000l\000u\000s}{subsection.4.6}% 24
\BOOKMARK [3][-]{subsubsection.4.6.2}{\376\377\000C\000o\000n\000s\000e\000q\000u\000e\000n\000c\000e\000s\000\040\000o\000f\000\040\000C\000a\000u\000c\000h\000y\000'\000s\000\040\000t\000h\000e\000o\000r\000e\000m}{subsection.4.6}% 25
\BOOKMARK [3][-]{subsubsection.4.6.3}{\376\377\000C\000a\000l\000c\000u\000l\000a\000t\000i\000o\000n\000\040\000o\000f\000\040\000i\000n\000t\000e\000g\000r\000a\000l\000s\000\040\000o\000v\000e\000r\000\040\000R\000\040\000u\000s\000i\000n\000g\000\040\000C\000a\000u\000c\000h\000y\000'\000s\000\040\000t\000h\000e\000o\000r\000e\000m}{subsection.4.6}% 26
